0 info it worked if it ends with ok
1 verbose cli [ '/usr/local/bin/node', '/usr/local/bin/npm', 'run', 'serve' ]
2 info using npm@3.10.3
3 info using node@v6.6.0
4 verbose run-script [ 'preserve', 'serve', 'postserve' ]
5 info lifecycle angular2-starter@0.1.0~preserve: angular2-starter@0.1.0
6 silly lifecycle angular2-starter@0.1.0~preserve: no script for preserve, continuing
7 info lifecycle angular2-starter@0.1.0~serve: angular2-starter@0.1.0
8 verbose lifecycle angular2-starter@0.1.0~serve: unsafe-perm in lifecycle true
9 verbose lifecycle angular2-starter@0.1.0~serve: PATH: /usr/local/lib/node_modules/npm/bin/node-gyp-bin:/Users/lijia/workstation/personal/ng2-webpack-starter/part5/node_modules/.bin:/usr/local/bin:/Library/Frameworks/Python.framework/Versions/3.5/bin:/usr/local/bin:/usr/bin:/bin:/usr/sbin:/sbin:/development/maven/apache-maven-3.2.3/bin
10 verbose lifecycle angular2-starter@0.1.0~serve: CWD: /Users/lijia/workstation/personal/ng2-webpack-starter/part5
11 silly lifecycle angular2-starter@0.1.0~serve: Args: [ '-c', 'webpack-dev-server --inline --progress' ]
12 silly lifecycle angular2-starter@0.1.0~serve: Returned: code: 1  signal: null
13 info lifecycle angular2-starter@0.1.0~serve: Failed to exec serve script
14 verbose stack Error: angular2-starter@0.1.0 serve: `webpack-dev-server --inline --progress`
14 verbose stack Exit status 1
14 verbose stack     at EventEmitter.<anonymous> (/usr/local/lib/node_modules/npm/lib/utils/lifecycle.js:242:16)
14 verbose stack     at emitTwo (events.js:106:13)
14 verbose stack     at EventEmitter.emit (events.js:191:7)
14 verbose stack     at ChildProcess.<anonymous> (/usr/local/lib/node_modules/npm/lib/utils/spawn.js:40:14)
14 verbose stack     at emitTwo (events.js:106:13)
14 verbose stack     at ChildProcess.emit (events.js:191:7)
14 verbose stack     at maybeClose (internal/child_process.js:877:16)
14 verbose stack     at Process.ChildProcess._handle.onexit (internal/child_process.js:226:5)
15 verbose pkgid angular2-starter@0.1.0
16 verbose cwd /Users/lijia/workstation/personal/ng2-webpack-starter/part5
17 error Darwin 16.0.0
18 error argv "/usr/local/bin/node" "/usr/local/bin/npm" "run" "serve"
19 error node v6.6.0
20 error npm  v3.10.3
21 error code ELIFECYCLE
22 error angular2-starter@0.1.0 serve: `webpack-dev-server --inline --progress`
22 error Exit status 1
23 error Failed at the angular2-starter@0.1.0 serve script 'webpack-dev-server --inline --progress'.
23 error Make sure you have the latest version of node.js and npm installed.
23 error If you do, this is most likely a problem with the angular2-starter package,
23 error not with npm itself.
23 error Tell the author that this fails on your system:
23 error     webpack-dev-server --inline --progress
23 error You can get information on how to open an issue for this project with:
23 error     npm bugs angular2-starter
23 error Or if that isn't available, you can get their info via:
23 error     npm owner ls angular2-starter
23 error There is likely additional logging output above.
24 verbose exit [ 1, true ]
